<?xml version="1.0" encoding="UTF-8"?>
<testng-results skipped="0" failed="0" ignored="0" total="1" passed="1">
  <reporter-output>
  </reporter-output>
  <suite name="Default suite" duration-ms="78154" started-at="2022-03-11T16:47:01Z" finished-at="2022-03-11T16:48:19Z">
    <groups>
    </groups>
    <test name="Default test" duration-ms="78154" started-at="2022-03-11T16:47:01Z" finished-at="2022-03-11T16:48:19Z">
      <class name="org.test.flipkart.Exercise">
        <test-method status="PASS" signature="exercise()[pri:0, instance:org.test.flipkart.Exercise@6eebc39e]" name="exercise" duration-ms="78021" started-at="2022-03-11T16:47:01Z" finished-at="2022-03-11T16:48:19Z">
          <reporter-output>
          </reporter-output>
        </test-method> <!-- exercise -->
      </class> <!-- org.test.flipkart.Exercise -->
    </test> <!-- Default test -->
  </suite> <!-- Default suite -->
</testng-results>
